15:22:52.808 INFO log initialized: 2026_04_07\tp_engine_20260407_1522.log
15:22:55.900 INFO [15:22:55.900] TX ID=0x482 Type=CAN-FD DLC=08 Data=[00 00 00 00 00 00 00 00]
15:22:55.903 INFO [15:22:55.902] TX ID=0x482 Type=CAN-FD DLC=08 Data=[00 00 00 00 00 00 00 00]
15:22:55.906 INFO [15:22:55.906] TX ID=0x482 Type=CAN-FD DLC=08 Data=[00 00 00 00 00 00 00 00]
15:22:55.909 INFO [15:22:55.909] TX ID=0x482 Type=CAN-FD DLC=08 Data=[00 00 00 00 00 00 00 00]
15:22:55.912 INFO [15:22:55.911] TX ID=0x482 Type=CAN-FD DLC=08 Data=[00 00 00 00 00 00 00 00]
15:22:55.916 INFO [15:22:55.915] TX ID=0x482 Type=CAN-FD DLC=08 Data=[00 00 00 00 00 00 00 00]
15:22:55.919 INFO [15:22:55.918] TX ID=0x482 Type=CAN-FD DLC=08 Data=[00 00 00 00 00 00 00 00]
15:22:55.923 INFO [15:22:55.922] TX ID=0x482 Type=CAN-FD DLC=08 Data=[00 00 00 00 00 00 00 00]
15:22:55.927 INFO [15:22:55.927] TX ID=0x482 Type=CAN-FD DLC=08 Data=[00 00 00 00 00 00 00 00]
15:22:55.931 INFO [15:22:55.930] TX ID=0x482 Type=CAN-FD DLC=08 Data=[00 00 00 00 00 00 00 00]
15:22:55.934 INFO [15:22:55.933] TX ID=0x482 Type=CAN-FD DLC=08 Data=[00 00 00 00 00 00 00 00]
15:22:55.937 INFO [15:22:55.936] TX ID=0x482 Type=CAN-FD DLC=08 Data=[00 00 00 00 00 00 00 00]
15:22:55.940 INFO [15:22:55.940] TX ID=0x482 Type=CAN-FD DLC=08 Data=[00 00 00 00 00 00 00 00]
15:22:55.944 INFO [15:22:55.943] TX ID=0x482 Type=CAN-FD DLC=08 Data=[00 00 00 00 00 00 00 00]
15:22:55.947 INFO [15:22:55.947] TX ID=0x482 Type=CAN-FD DLC=08 Data=[00 00 00 00 00 00 00 00]
15:22:55.949 INFO [15:22:55.949] TX ID=0x482 Type=CAN-FD DLC=08 Data=[00 00 00 00 00 00 00 00]
15:22:55.952 INFO [15:22:55.952] TX ID=0x482 Type=CAN-FD DLC=08 Data=[00 00 00 00 00 00 00 00]
15:22:55.957 INFO [15:22:55.956] TX ID=0x482 Type=CAN-FD DLC=08 Data=[00 00 00 00 00 00 00 00]
15:22:55.959 INFO [15:22:55.959] TX ID=0x482 Type=CAN-FD DLC=08 Data=[00 00 00 00 00 00 00 00]
15:22:55.962 INFO [15:22:55.962] TX ID=0x482 Type=CAN-FD DLC=08 Data=[00 00 00 00 00 00 00 00]
15:22:55.966 INFO [15:22:55.966] TX ID=0x482 Type=CAN-FD DLC=08 Data=[00 00 00 00 00 00 00 00]
15:22:55.969 INFO [15:22:55.969] TX ID=0x482 Type=CAN-FD DLC=08 Data=[00 00 00 00 00 00 00 00]
15:22:55.973 INFO [15:22:55.972] TX ID=0x482 Type=CAN-FD DLC=08 Data=[00 00 00 00 00 00 00 00]
15:22:55.976 INFO [15:22:55.976] TX ID=0x482 Type=CAN-FD DLC=08 Data=[00 00 00 00 00 00 00 00]
15:22:55.979 INFO [15:22:55.979] TX ID=0x482 Type=CAN-FD DLC=08 Data=[00 00 00 00 00 00 00 00]
15:22:55.982 INFO [15:22:55.982] TX ID=0x482 Type=CAN-FD DLC=08 Data=[00 00 00 00 00 00 00 00]
15:22:55.986 INFO [15:22:55.986] TX ID=0x482 Type=CAN-FD DLC=08 Data=[00 00 00 00 00 00 00 00]
15:22:55.989 INFO [15:22:55.989] TX ID=0x482 Type=CAN-FD DLC=08 Data=[00 00 00 00 00 00 00 00]
15:22:55.992 INFO [15:22:55.991] TX ID=0x482 Type=CAN-FD DLC=08 Data=[00 00 00 00 00 00 00 00]
15:22:55.995 INFO [15:22:55.995] TX ID=0x482 Type=CAN-FD DLC=08 Data=[00 00 00 00 00 00 00 00]
15:22:56.002 INFO [15:22:56.002] TX ID=0x7DF Type=CAN-FD DLC=08 Data=[02 3e 80 00 00 00 00 00]
15:22:56.006 INFO [15:22:56.006] TX ID=0x5B1 Type=CAN-FD DLC=08 Data=[03 22 f1 94 00 00 00 00]
15:22:56.019 INFO [15:22:56.019] RX ID=0x4B5 Type=CAN-FD DLC=08 Data=[b5 00 81 ff 04 00 00 03]
15:22:56.030 INFO [15:22:56.030] RX ID=0x0BB Type=CAN-FD DLC=08 Data=[4a f0 df ff ff ff ff ff]
15:22:56.030 INFO [15:22:56.030] RX ID=0x5B9 Type=CAN-FD DLC=10 Data=[00 0d 62 f1 94 52 48 41 36 32 30 00 00 00 00 aa]
15:22:56.030 INFO [15:22:56.030] RX ID=0x351 Type=CAN-FD DLC=08 Data=[05 a0 ff ff ff ff ff ff]
15:22:56.030 INFO [15:22:56.030] RX ID=0x3AC Type=CAN-FD DLC=08 Data=[00 01 03 07 07 07 01 01]
15:22:56.030 INFO [15:22:56.030] RX ID=0x289 Type=CAN-FD DLC=08 Data=[bd a0 f0 1f ff ff ff ff]
15:22:56.030 INFO [15:22:56.030] RX ID=0x0BB Type=CAN-FD DLC=08 Data=[17 f1 df ff ff ff ff ff]
15:22:56.031 INFO [15:22:56.031] RX ID=0x3AD Type=CAN-FD DLC=08 Data=[01 01 01 01 01 01 ff 01]
15:22:56.032 INFO worker request: 22 f1 94
15:22:56.032 INFO worker response: 62 f1 94 52 48 41 36 32 30 00 00 00 00
15:22:56.034 INFO [15:22:56.034] TX ID=0x5B1 Type=CAN-FD DLC=08 Data=[03 22 c0 40 00 00 00 00]
15:22:56.041 INFO [15:22:56.041] RX ID=0x220 Type=CAN-FD DLC=08 Data=[c6 f0 01 07 07 ed 11 81]
15:22:56.041 INFO [15:22:56.041] RX ID=0x3AE Type=CAN-FD DLC=08 Data=[01 01 01 01 01 01 01 07]
15:22:56.041 INFO [15:22:56.041] RX ID=0x0BB Type=CAN-FD DLC=08 Data=[f0 f2 df ff ff ff ff ff]
15:22:56.041 INFO [15:22:56.041] RX ID=0x5B9 Type=CAN-FD DLC=11 Data=[00 0f 62 c0 40 40 1e 04 1e 04 1e 1e 04 1e 00 00 00 aa aa aa]
15:22:56.041 INFO [15:22:56.041] RX ID=0x2E1 Type=CAN-FD DLC=11 Data=[00 00 00 00 00 00 00 00 00 00 00 00 00 00 00 00 00 00 00 00]
15:22:56.041 INFO [15:22:56.041] RX ID=0x202 Type=CAN-FD DLC=08 Data=[ff ff ff f3 3f ff ff ff]
