14:08:29.142 INFO log initialized: 2026_04_07\tp_engine_20260407_1408.log
14:08:32.231 INFO [14:08:32.231] TX ID=0x482 Type=CAN-FD DLC=08 Data=[00 00 00 00 00 00 00 00]
14:08:32.235 INFO [14:08:32.235] TX ID=0x482 Type=CAN-FD DLC=08 Data=[00 00 00 00 00 00 00 00]
14:08:32.238 INFO [14:08:32.238] TX ID=0x482 Type=CAN-FD DLC=08 Data=[00 00 00 00 00 00 00 00]
14:08:32.241 INFO [14:08:32.240] TX ID=0x482 Type=CAN-FD DLC=08 Data=[00 00 00 00 00 00 00 00]
14:08:32.244 INFO [14:08:32.244] TX ID=0x482 Type=CAN-FD DLC=08 Data=[00 00 00 00 00 00 00 00]
14:08:32.247 INFO [14:08:32.247] TX ID=0x482 Type=CAN-FD DLC=08 Data=[00 00 00 00 00 00 00 00]
14:08:32.250 INFO [14:08:32.250] TX ID=0x482 Type=CAN-FD DLC=08 Data=[00 00 00 00 00 00 00 00]
14:08:32.253 INFO [14:08:32.253] TX ID=0x482 Type=CAN-FD DLC=08 Data=[00 00 00 00 00 00 00 00]
14:08:32.256 INFO [14:08:32.256] TX ID=0x482 Type=CAN-FD DLC=08 Data=[00 00 00 00 00 00 00 00]
14:08:32.261 INFO [14:08:32.261] TX ID=0x482 Type=CAN-FD DLC=08 Data=[00 00 00 00 00 00 00 00]
14:08:32.264 INFO [14:08:32.264] TX ID=0x482 Type=CAN-FD DLC=08 Data=[00 00 00 00 00 00 00 00]
14:08:32.266 INFO [14:08:32.266] TX ID=0x482 Type=CAN-FD DLC=08 Data=[00 00 00 00 00 00 00 00]
14:08:32.269 INFO [14:08:32.269] TX ID=0x482 Type=CAN-FD DLC=08 Data=[00 00 00 00 00 00 00 00]
14:08:32.274 INFO [14:08:32.274] TX ID=0x482 Type=CAN-FD DLC=08 Data=[00 00 00 00 00 00 00 00]
14:08:32.276 INFO [14:08:32.276] TX ID=0x482 Type=CAN-FD DLC=08 Data=[00 00 00 00 00 00 00 00]
14:08:32.280 INFO [14:08:32.280] TX ID=0x482 Type=CAN-FD DLC=08 Data=[00 00 00 00 00 00 00 00]
14:08:32.282 INFO [14:08:32.282] TX ID=0x482 Type=CAN-FD DLC=08 Data=[00 00 00 00 00 00 00 00]
14:08:32.286 INFO [14:08:32.286] TX ID=0x482 Type=CAN-FD DLC=08 Data=[00 00 00 00 00 00 00 00]
14:08:32.289 INFO [14:08:32.289] TX ID=0x482 Type=CAN-FD DLC=08 Data=[00 00 00 00 00 00 00 00]
14:08:32.293 INFO [14:08:32.292] TX ID=0x482 Type=CAN-FD DLC=08 Data=[00 00 00 00 00 00 00 00]
14:08:32.296 INFO [14:08:32.295] TX ID=0x482 Type=CAN-FD DLC=08 Data=[00 00 00 00 00 00 00 00]
14:08:32.300 INFO [14:08:32.299] TX ID=0x482 Type=CAN-FD DLC=08 Data=[00 00 00 00 00 00 00 00]
14:08:32.302 INFO [14:08:32.302] TX ID=0x482 Type=CAN-FD DLC=08 Data=[00 00 00 00 00 00 00 00]
14:08:32.305 INFO [14:08:32.305] TX ID=0x482 Type=CAN-FD DLC=08 Data=[00 00 00 00 00 00 00 00]
14:08:32.308 INFO [14:08:32.308] TX ID=0x482 Type=CAN-FD DLC=08 Data=[00 00 00 00 00 00 00 00]
14:08:32.313 INFO [14:08:32.313] TX ID=0x482 Type=CAN-FD DLC=08 Data=[00 00 00 00 00 00 00 00]
14:08:32.316 INFO [14:08:32.315] TX ID=0x482 Type=CAN-FD DLC=08 Data=[00 00 00 00 00 00 00 00]
14:08:32.319 INFO [14:08:32.318] TX ID=0x482 Type=CAN-FD DLC=08 Data=[00 00 00 00 00 00 00 00]
14:08:32.321 INFO [14:08:32.321] TX ID=0x482 Type=CAN-FD DLC=08 Data=[00 00 00 00 00 00 00 00]
14:08:32.326 INFO [14:08:32.325] TX ID=0x482 Type=CAN-FD DLC=08 Data=[00 00 00 00 00 00 00 00]
14:08:32.332 INFO [14:08:32.332] TX ID=0x7DF Type=CAN-FD DLC=08 Data=[02 3e 80 00 00 00 00 00]
14:08:32.336 INFO [14:08:32.336] TX ID=0x5B1 Type=CAN-FD DLC=08 Data=[03 22 f1 94 00 00 00 00]
14:08:32.359 INFO [14:08:32.359] RX ID=0x4B5 Type=CAN-FD DLC=08 Data=[b5 10 81 01 04 00 00 02]
14:08:32.359 INFO [14:08:32.359] RX ID=0x0BB Type=CAN-FD DLC=08 Data=[4a f0 df ff ff ff ff ff]
14:08:32.359 INFO [14:08:32.359] RX ID=0x5B9 Type=CAN-FD DLC=10 Data=[00 0d 62 f1 94 52 48 41 36 32 30 00 00 00 00 aa]
14:08:32.359 INFO [14:08:32.359] RX ID=0x351 Type=CAN-FD DLC=08 Data=[05 a0 ff ff ff ff ff ff]
14:08:32.359 INFO [14:08:32.359] RX ID=0x3AC Type=CAN-FD DLC=08 Data=[00 01 03 07 07 07 01 01]
14:08:32.359 INFO [14:08:32.359] RX ID=0x289 Type=CAN-FD DLC=08 Data=[bd a0 f0 1f ff ff ff ff]
14:08:32.361 INFO worker request: 22 f1 94
14:08:32.361 INFO worker response: 62 f1 94 52 48 41 36 32 30 00 00 00 00
14:08:32.363 INFO [14:08:32.362] TX ID=0x5B1 Type=CAN-FD DLC=08 Data=[03 22 c0 40 00 00 00 00]
14:08:32.370 INFO [14:08:32.370] RX ID=0x4B5 Type=CAN-FD DLC=08 Data=[b5 10 81 01 04 00 00 02]
14:08:32.370 INFO [14:08:32.370] RX ID=0x0BB Type=CAN-FD DLC=08 Data=[17 f1 df ff ff ff ff ff]
14:08:32.371 INFO [14:08:32.371] RX ID=0x3AD Type=CAN-FD DLC=08 Data=[01 01 01 01 01 01 ff 01]
14:08:32.371 INFO [14:08:32.371] RX ID=0x220 Type=CAN-FD DLC=08 Data=[c6 f0 01 07 07 ed 11 81]
14:08:32.371 INFO [14:08:32.371] RX ID=0x3AE Type=CAN-FD DLC=08 Data=[01 01 01 01 01 01 01 07]
14:08:32.371 INFO [14:08:32.371] RX ID=0x4B5 Type=CAN-FD DLC=08 Data=[b5 10 81 01 04 00 00 02]
14:08:32.381 INFO [14:08:32.381] RX ID=0x0BB Type=CAN-FD DLC=08 Data=[f0 f2 df ff ff ff ff ff]
14:08:32.381 INFO [14:08:32.381] RX ID=0x5B9 Type=CAN-FD DLC=11 Data=[00 0f 62 c0 40 40 1e 04 1e 04 1e 1e 04 1e 00 00 00 aa aa aa]
14:08:32.381 INFO [14:08:32.381] RX ID=0x2E1 Type=CAN-FD DLC=11 Data=[00 00 00 00 00 00 00 00 00 00 00 00 00 00 00 00 00 00 00 00]
14:08:32.381 INFO [14:08:32.381] RX ID=0x202 Type=CAN-FD DLC=08 Data=[ff ff ff f3 3f ff ff ff]
14:08:32.381 INFO [14:08:32.381] RX ID=0x3A8 Type=CAN-FD DLC=08 Data=[ff ff 0f ff ff 00 ff ff]
14:08:32.381 INFO [14:08:32.381] RX ID=0x355 Type=CAN-FD DLC=08 Data=[ff ef ff ff fc 7f 1c ff]
14:08:32.382 INFO [14:08:32.382] RX ID=0x3F3 Type=CAN-FD DLC=08 Data=[ff 0f ff f7 ff ff ff 00]
14:08:32.382 INFO [14:08:32.382] RX ID=0x4B5 Type=CAN-FD DLC=08 Data=[b5 10 81 01 04 00 00 02]
14:08:32.382 INFO [14:08:32.382] RX ID=0x0BB Type=CAN-FD DLC=08 Data=[ad f3 df ff ff ff ff ff]
