15:09:46.306 INFO log initialized: 2026_04_07\tp_engine_20260407_1509.log
15:09:49.410 INFO [15:09:49.410] TX ID=0x482 Type=CAN-FD DLC=08 Data=[00 00 00 00 00 00 00 00]
15:09:49.413 INFO [15:09:49.413] TX ID=0x482 Type=CAN-FD DLC=08 Data=[00 00 00 00 00 00 00 00]
15:09:49.416 INFO [15:09:49.416] TX ID=0x482 Type=CAN-FD DLC=08 Data=[00 00 00 00 00 00 00 00]
15:09:49.419 INFO [15:09:49.419] TX ID=0x482 Type=CAN-FD DLC=08 Data=[00 00 00 00 00 00 00 00]
15:09:49.422 INFO [15:09:49.422] TX ID=0x482 Type=CAN-FD DLC=08 Data=[00 00 00 00 00 00 00 00]
15:09:49.426 INFO [15:09:49.426] TX ID=0x482 Type=CAN-FD DLC=08 Data=[00 00 00 00 00 00 00 00]
15:09:49.429 INFO [15:09:49.429] TX ID=0x482 Type=CAN-FD DLC=08 Data=[00 00 00 00 00 00 00 00]
15:09:49.432 INFO [15:09:49.432] TX ID=0x482 Type=CAN-FD DLC=08 Data=[00 00 00 00 00 00 00 00]
15:09:49.435 INFO [15:09:49.435] TX ID=0x482 Type=CAN-FD DLC=08 Data=[00 00 00 00 00 00 00 00]
15:09:49.439 INFO [15:09:49.439] TX ID=0x482 Type=CAN-FD DLC=08 Data=[00 00 00 00 00 00 00 00]
15:09:49.442 INFO [15:09:49.442] TX ID=0x482 Type=CAN-FD DLC=08 Data=[00 00 00 00 00 00 00 00]
15:09:49.445 INFO [15:09:49.445] TX ID=0x482 Type=CAN-FD DLC=08 Data=[00 00 00 00 00 00 00 00]
15:09:49.448 INFO [15:09:49.448] TX ID=0x482 Type=CAN-FD DLC=08 Data=[00 00 00 00 00 00 00 00]
15:09:49.452 INFO [15:09:49.452] TX ID=0x482 Type=CAN-FD DLC=08 Data=[00 00 00 00 00 00 00 00]
15:09:49.455 INFO [15:09:49.455] TX ID=0x482 Type=CAN-FD DLC=08 Data=[00 00 00 00 00 00 00 00]
15:09:49.458 INFO [15:09:49.458] TX ID=0x482 Type=CAN-FD DLC=08 Data=[00 00 00 00 00 00 00 00]
15:09:49.461 INFO [15:09:49.461] TX ID=0x482 Type=CAN-FD DLC=08 Data=[00 00 00 00 00 00 00 00]
15:09:49.465 INFO [15:09:49.465] TX ID=0x482 Type=CAN-FD DLC=08 Data=[00 00 00 00 00 00 00 00]
15:09:49.468 INFO [15:09:49.468] TX ID=0x482 Type=CAN-FD DLC=08 Data=[00 00 00 00 00 00 00 00]
15:09:49.471 INFO [15:09:49.471] TX ID=0x482 Type=CAN-FD DLC=08 Data=[00 00 00 00 00 00 00 00]
15:09:49.474 INFO [15:09:49.474] TX ID=0x482 Type=CAN-FD DLC=08 Data=[00 00 00 00 00 00 00 00]
15:09:49.478 INFO [15:09:49.478] TX ID=0x482 Type=CAN-FD DLC=08 Data=[00 00 00 00 00 00 00 00]
15:09:49.481 INFO [15:09:49.481] TX ID=0x482 Type=CAN-FD DLC=08 Data=[00 00 00 00 00 00 00 00]
15:09:49.484 INFO [15:09:49.484] TX ID=0x482 Type=CAN-FD DLC=08 Data=[00 00 00 00 00 00 00 00]
15:09:49.487 INFO [15:09:49.487] TX ID=0x482 Type=CAN-FD DLC=08 Data=[00 00 00 00 00 00 00 00]
15:09:49.491 INFO [15:09:49.491] TX ID=0x482 Type=CAN-FD DLC=08 Data=[00 00 00 00 00 00 00 00]
15:09:49.494 INFO [15:09:49.494] TX ID=0x482 Type=CAN-FD DLC=08 Data=[00 00 00 00 00 00 00 00]
15:09:49.497 INFO [15:09:49.497] TX ID=0x482 Type=CAN-FD DLC=08 Data=[00 00 00 00 00 00 00 00]
15:09:49.500 INFO [15:09:49.500] TX ID=0x482 Type=CAN-FD DLC=08 Data=[00 00 00 00 00 00 00 00]
15:09:49.504 INFO [15:09:49.504] TX ID=0x482 Type=CAN-FD DLC=08 Data=[00 00 00 00 00 00 00 00]
15:09:49.510 INFO [15:09:49.510] TX ID=0x7DF Type=CAN-FD DLC=08 Data=[02 3e 80 00 00 00 00 00]
15:09:49.513 INFO [15:09:49.513] TX ID=0x5B1 Type=CAN-FD DLC=08 Data=[03 22 f1 94 00 00 00 00]
15:09:49.536 INFO [15:09:49.536] RX ID=0x4B5 Type=CAN-FD DLC=08 Data=[b5 10 81 01 04 00 00 02]
15:09:49.537 INFO [15:09:49.537] RX ID=0x0BB Type=CAN-FD DLC=08 Data=[4a f0 df ff ff ff ff ff]
15:09:49.537 INFO [15:09:49.537] RX ID=0x5B9 Type=CAN-FD DLC=10 Data=[00 0d 62 f1 94 52 48 41 36 32 30 00 00 00 00 aa]
15:09:49.537 INFO [15:09:49.537] RX ID=0x351 Type=CAN-FD DLC=08 Data=[05 a0 ff ff ff ff ff ff]
15:09:49.537 INFO [15:09:49.537] RX ID=0x3AC Type=CAN-FD DLC=08 Data=[00 01 03 07 07 07 01 01]
15:09:49.537 INFO [15:09:49.537] RX ID=0x289 Type=CAN-FD DLC=08 Data=[bd a0 f0 1f ff ff ff ff]
15:09:49.537 INFO worker request: 22 f1 94
15:09:49.538 INFO worker response: 62 f1 94 52 48 41 36 32 30 00 00 00 00
15:09:49.540 INFO [15:09:49.540] TX ID=0x5B1 Type=CAN-FD DLC=08 Data=[03 22 c0 40 00 00 00 00]
15:09:49.547 INFO [15:09:49.547] RX ID=0x4B5 Type=CAN-FD DLC=08 Data=[b5 10 81 01 04 00 00 02]
15:09:49.547 INFO [15:09:49.547] RX ID=0x0BB Type=CAN-FD DLC=08 Data=[17 f1 df ff ff ff ff ff]
15:09:49.547 INFO [15:09:49.547] RX ID=0x3AD Type=CAN-FD DLC=08 Data=[01 01 01 01 01 01 ff 01]
15:09:49.547 INFO [15:09:49.547] RX ID=0x220 Type=CAN-FD DLC=08 Data=[c6 f0 01 07 07 ed 11 81]
15:09:49.547 INFO [15:09:49.547] RX ID=0x3AE Type=CAN-FD DLC=08 Data=[01 01 01 01 01 01 01 07]
15:09:49.547 INFO [15:09:49.547] RX ID=0x5B9 Type=CAN-FD DLC=11 Data=[00 0f 62 c0 40 40 1e 04 1e 04 1e 1e 04 1e 00 00 00 aa aa aa]
