14:07:24.877 INFO log initialized: 2026_04_07\tp_engine_20260407_1407.log
14:07:27.969 INFO [14:07:27.968] TX Id=0x482 Type=CAN-FD DLC=08 Data=[00 00 00 00 00 00 00 00]
14:07:27.972 INFO [14:07:27.972] TX Id=0x482 Type=CAN-FD DLC=08 Data=[00 00 00 00 00 00 00 00]
14:07:27.974 INFO [14:07:27.974] TX Id=0x482 Type=CAN-FD DLC=08 Data=[00 00 00 00 00 00 00 00]
14:07:27.978 INFO [14:07:27.977] TX Id=0x482 Type=CAN-FD DLC=08 Data=[00 00 00 00 00 00 00 00]
14:07:27.981 INFO [14:07:27.980] TX Id=0x482 Type=CAN-FD DLC=08 Data=[00 00 00 00 00 00 00 00]
14:07:27.984 INFO [14:07:27.984] TX Id=0x482 Type=CAN-FD DLC=08 Data=[00 00 00 00 00 00 00 00]
14:07:27.987 INFO [14:07:27.987] TX Id=0x482 Type=CAN-FD DLC=08 Data=[00 00 00 00 00 00 00 00]
14:07:27.990 INFO [14:07:27.990] TX Id=0x482 Type=CAN-FD DLC=08 Data=[00 00 00 00 00 00 00 00]
14:07:27.993 INFO [14:07:27.993] TX Id=0x482 Type=CAN-FD DLC=08 Data=[00 00 00 00 00 00 00 00]
14:07:27.997 INFO [14:07:27.997] TX Id=0x482 Type=CAN-FD DLC=08 Data=[00 00 00 00 00 00 00 00]
14:07:28.001 INFO [14:07:28.000] TX Id=0x482 Type=CAN-FD DLC=08 Data=[00 00 00 00 00 00 00 00]
14:07:28.003 INFO [14:07:28.003] TX Id=0x482 Type=CAN-FD DLC=08 Data=[00 00 00 00 00 00 00 00]
14:07:28.006 INFO [14:07:28.006] TX Id=0x482 Type=CAN-FD DLC=08 Data=[00 00 00 00 00 00 00 00]
14:07:28.010 INFO [14:07:28.010] TX Id=0x482 Type=CAN-FD DLC=08 Data=[00 00 00 00 00 00 00 00]
14:07:28.014 INFO [14:07:28.014] TX Id=0x482 Type=CAN-FD DLC=08 Data=[00 00 00 00 00 00 00 00]
14:07:28.016 INFO [14:07:28.016] TX Id=0x482 Type=CAN-FD DLC=08 Data=[00 00 00 00 00 00 00 00]
14:07:28.019 INFO [14:07:28.019] TX Id=0x482 Type=CAN-FD DLC=08 Data=[00 00 00 00 00 00 00 00]
14:07:28.023 INFO [14:07:28.023] TX Id=0x482 Type=CAN-FD DLC=08 Data=[00 00 00 00 00 00 00 00]
14:07:28.027 INFO [14:07:28.026] TX Id=0x482 Type=CAN-FD DLC=08 Data=[00 00 00 00 00 00 00 00]
14:07:28.030 INFO [14:07:28.029] TX Id=0x482 Type=CAN-FD DLC=08 Data=[00 00 00 00 00 00 00 00]
14:07:28.033 INFO [14:07:28.032] TX Id=0x482 Type=CAN-FD DLC=08 Data=[00 00 00 00 00 00 00 00]
14:07:28.036 INFO [14:07:28.036] TX Id=0x482 Type=CAN-FD DLC=08 Data=[00 00 00 00 00 00 00 00]
14:07:28.039 INFO [14:07:28.039] TX Id=0x482 Type=CAN-FD DLC=08 Data=[00 00 00 00 00 00 00 00]
14:07:28.042 INFO [14:07:28.042] TX Id=0x482 Type=CAN-FD DLC=08 Data=[00 00 00 00 00 00 00 00]
14:07:28.045 INFO [14:07:28.045] TX Id=0x482 Type=CAN-FD DLC=08 Data=[00 00 00 00 00 00 00 00]
14:07:28.049 INFO [14:07:28.049] TX Id=0x482 Type=CAN-FD DLC=08 Data=[00 00 00 00 00 00 00 00]
14:07:28.053 INFO [14:07:28.053] TX Id=0x482 Type=CAN-FD DLC=08 Data=[00 00 00 00 00 00 00 00]
14:07:28.055 INFO [14:07:28.055] TX Id=0x482 Type=CAN-FD DLC=08 Data=[00 00 00 00 00 00 00 00]
14:07:28.058 INFO [14:07:28.058] TX Id=0x482 Type=CAN-FD DLC=08 Data=[00 00 00 00 00 00 00 00]
14:07:28.063 INFO [14:07:28.062] TX Id=0x482 Type=CAN-FD DLC=08 Data=[00 00 00 00 00 00 00 00]
14:07:28.069 INFO [14:07:28.069] TX Id=0x7DF Type=CAN-FD DLC=08 Data=[02 3e 80 00 00 00 00 00]
14:07:28.071 INFO [14:07:28.071] TX Id=0x5B1 Type=CAN-FD DLC=08 Data=[03 22 f1 94 00 00 00 00]
14:07:28.095 INFO [14:07:28.095] RX Id=0x4B5 Type=CAN-FD DLC=08 Data=[b5 10 81 01 04 00 00 02]
14:07:28.095 INFO [14:07:28.095] RX Id=0x0BB Type=CAN-FD DLC=08 Data=[4a f0 df ff ff ff ff ff]
14:07:28.095 INFO [14:07:28.095] RX Id=0x5B9 Type=CAN-FD DLC=10 Data=[00 0d 62 f1 94 52 48 41 36 32 30 00 00 00 00 aa]
14:07:28.095 INFO [14:07:28.095] RX Id=0x351 Type=CAN-FD DLC=08 Data=[05 a0 ff ff ff ff ff ff]
14:07:28.096 INFO [14:07:28.096] RX Id=0x3AC Type=CAN-FD DLC=08 Data=[00 01 03 07 07 07 01 01]
14:07:28.096 INFO [14:07:28.096] RX Id=0x289 Type=CAN-FD DLC=08 Data=[bd a0 f0 1f ff ff ff ff]
14:07:28.097 INFO worker request: 22 f1 94
14:07:28.097 INFO worker response: 62 f1 94 52 48 41 36 32 30 00 00 00 00
14:07:28.099 INFO [14:07:28.099] TX Id=0x5B1 Type=CAN-FD DLC=08 Data=[03 22 c0 40 00 00 00 00]
14:07:28.108 INFO [14:07:28.107] RX Id=0x4B5 Type=CAN-FD DLC=08 Data=[b5 10 81 01 04 00 00 02]
14:07:28.108 INFO [14:07:28.108] RX Id=0x0BB Type=CAN-FD DLC=08 Data=[17 f1 df ff ff ff ff ff]
14:07:28.108 INFO [14:07:28.108] RX Id=0x3AD Type=CAN-FD DLC=08 Data=[01 01 01 01 01 01 ff 01]
14:07:28.108 INFO [14:07:28.108] RX Id=0x220 Type=CAN-FD DLC=08 Data=[c6 f0 01 07 07 ed 11 81]
14:07:28.108 INFO [14:07:28.108] RX Id=0x3AE Type=CAN-FD DLC=08 Data=[01 01 01 01 01 01 01 07]
14:07:28.108 INFO [14:07:28.108] RX Id=0x5B9 Type=CAN-FD DLC=11 Data=[00 0f 62 c0 40 40 1e 04 1e 04 1e 1e 04 1e 00 00 00 aa aa aa]
14:07:28.108 INFO [14:07:28.108] RX Id=0x4B5 Type=CAN-FD DLC=08 Data=[b5 10 81 01 04 00 00 02]
