15:24:09.784 INFO log initialized: 2026_04_07\tp_engine_20260407_1524.log
15:24:12.873 INFO TX ID=0x482 Type=CAN-FD DLC=08 Data=[00 00 00 00 00 00 00 00]
15:24:12.876 INFO TX ID=0x482 Type=CAN-FD DLC=08 Data=[00 00 00 00 00 00 00 00]
15:24:12.879 INFO TX ID=0x482 Type=CAN-FD DLC=08 Data=[00 00 00 00 00 00 00 00]
15:24:12.882 INFO TX ID=0x482 Type=CAN-FD DLC=08 Data=[00 00 00 00 00 00 00 00]
15:24:12.885 INFO TX ID=0x482 Type=CAN-FD DLC=08 Data=[00 00 00 00 00 00 00 00]
15:24:12.889 INFO TX ID=0x482 Type=CAN-FD DLC=08 Data=[00 00 00 00 00 00 00 00]
15:24:12.892 INFO TX ID=0x482 Type=CAN-FD DLC=08 Data=[00 00 00 00 00 00 00 00]
15:24:12.895 INFO TX ID=0x482 Type=CAN-FD DLC=08 Data=[00 00 00 00 00 00 00 00]
15:24:12.898 INFO TX ID=0x482 Type=CAN-FD DLC=08 Data=[00 00 00 00 00 00 00 00]
15:24:12.902 INFO TX ID=0x482 Type=CAN-FD DLC=08 Data=[00 00 00 00 00 00 00 00]
15:24:12.905 INFO TX ID=0x482 Type=CAN-FD DLC=08 Data=[00 00 00 00 00 00 00 00]
15:24:12.908 INFO TX ID=0x482 Type=CAN-FD DLC=08 Data=[00 00 00 00 00 00 00 00]
15:24:12.911 INFO TX ID=0x482 Type=CAN-FD DLC=08 Data=[00 00 00 00 00 00 00 00]
15:24:12.915 INFO TX ID=0x482 Type=CAN-FD DLC=08 Data=[00 00 00 00 00 00 00 00]
15:24:12.918 INFO TX ID=0x482 Type=CAN-FD DLC=08 Data=[00 00 00 00 00 00 00 00]
15:24:12.921 INFO TX ID=0x482 Type=CAN-FD DLC=08 Data=[00 00 00 00 00 00 00 00]
15:24:12.924 INFO TX ID=0x482 Type=CAN-FD DLC=08 Data=[00 00 00 00 00 00 00 00]
15:24:12.928 INFO TX ID=0x482 Type=CAN-FD DLC=08 Data=[00 00 00 00 00 00 00 00]
15:24:12.931 INFO TX ID=0x482 Type=CAN-FD DLC=08 Data=[00 00 00 00 00 00 00 00]
15:24:12.934 INFO TX ID=0x482 Type=CAN-FD DLC=08 Data=[00 00 00 00 00 00 00 00]
15:24:12.937 INFO TX ID=0x482 Type=CAN-FD DLC=08 Data=[00 00 00 00 00 00 00 00]
15:24:12.941 INFO TX ID=0x482 Type=CAN-FD DLC=08 Data=[00 00 00 00 00 00 00 00]
15:24:12.944 INFO TX ID=0x482 Type=CAN-FD DLC=08 Data=[00 00 00 00 00 00 00 00]
15:24:12.947 INFO TX ID=0x482 Type=CAN-FD DLC=08 Data=[00 00 00 00 00 00 00 00]
15:24:12.950 INFO TX ID=0x482 Type=CAN-FD DLC=08 Data=[00 00 00 00 00 00 00 00]
15:24:12.954 INFO TX ID=0x482 Type=CAN-FD DLC=08 Data=[00 00 00 00 00 00 00 00]
15:24:12.957 INFO TX ID=0x482 Type=CAN-FD DLC=08 Data=[00 00 00 00 00 00 00 00]
15:24:12.960 INFO TX ID=0x482 Type=CAN-FD DLC=08 Data=[00 00 00 00 00 00 00 00]
15:24:12.963 INFO TX ID=0x482 Type=CAN-FD DLC=08 Data=[00 00 00 00 00 00 00 00]
15:24:12.967 INFO TX ID=0x482 Type=CAN-FD DLC=08 Data=[00 00 00 00 00 00 00 00]
15:24:12.971 INFO RX ID=0x4B5 Type=CAN-FD DLC=08 Data=[b5 00 81 ff 00 00 00 01]
15:24:12.971 INFO RX ID=0x0BB Type=CAN-FD DLC=08 Data=[4b fe df ff ff ff ff ff]
15:24:12.971 INFO RX ID=0x3AB Type=CAN-FD DLC=08 Data=[ff ff ff ff 00 ff ff ff]
15:24:12.971 INFO RX ID=0x363 Type=CAN-FD DLC=15 Data=[ff ff ff ff ff ff ff ff ff ff ff ff ff ff ff ff ff ff ff ff ff ff ff ff ff ff ff ff ff ff ff ff ff ff ff ff ff ff ff ff ff ff ff ff ff ff ff 1f ff ff ff ff ff ff ff ff ff ff ff ff ff ff ff ff]
15:24:12.971 INFO RX ID=0x3AF Type=CAN-FD DLC=08 Data=[ff 57 70 0f cf 17 00 00]
15:24:12.971 INFO RX ID=0x0BB Type=CAN-FD DLC=08 Data=[4a f0 df ff ff ff ff ff]
15:24:12.971 INFO RX ID=0x351 Type=CAN-FD DLC=08 Data=[d2 a3 ff 05 ff ff ff ff]
15:24:12.971 INFO RX ID=0x289 Type=CAN-FD DLC=08 Data=[5a a3 f0 1f ff ff ff ff]
15:24:12.971 INFO RX ID=0x0BB Type=CAN-FD DLC=08 Data=[17 f1 df ff ff ff ff ff]
15:24:12.971 INFO RX ID=0x3AD Type=CAN-FD DLC=08 Data=[01 01 01 01 01 01 ff 01]
15:24:12.971 INFO RX ID=0x3AC Type=CAN-FD DLC=08 Data=[00 01 03 07 77 07 05 01]
15:24:12.972 INFO RX ID=0x3AE Type=CAN-FD DLC=08 Data=[05 01 05 01 05 01 01 07]
15:24:12.972 INFO RX ID=0x0BB Type=CAN-FD DLC=08 Data=[f0 f2 df ff ff ff ff ff]
15:24:12.972 INFO RX ID=0x2E1 Type=CAN-FD DLC=11 Data=[00 00 00 00 00 00 00 00 00 00 00 00 00 00 00 00 00 00 00 00]
15:24:12.972 INFO RX ID=0x220 Type=CAN-FD DLC=08 Data=[41 f3 01 07 07 ad 11 81]
15:24:12.972 INFO RX ID=0x0BB Type=CAN-FD DLC=08 Data=[ad f3 df ff ff ff ff ff]
15:24:12.972 INFO RX ID=0x202 Type=CAN-FD DLC=08 Data=[ff ff ff f3 3f ff ff ff]
15:24:12.972 INFO RX ID=0x0BB Type=CAN-FD DLC=08 Data=[23 f4 df ff ff ff ff ff]
15:24:12.972 INFO RX ID=0x0BB Type=CAN-FD DLC=08 Data=[7e f5 df ff ff ff ff ff]
15:24:12.972 INFO RX ID=0x351 Type=CAN-FD DLC=08 Data=[5c a4 ff 05 ff ff ff ff]
15:24:12.972 INFO RX ID=0x289 Type=CAN-FD DLC=08 Data=[d4 a4 f0 1f ff ff ff ff]
15:24:12.973 INFO TX ID=0x7DF Type=CAN-FD DLC=08 Data=[02 3e 80 00 00 00 00 00]
15:24:12.976 INFO TX ID=0x5B1 Type=CAN-FD DLC=08 Data=[03 22 f1 94 00 00 00 00]
15:24:12.980 INFO RX ID=0x0BB Type=CAN-FD DLC=08 Data=[99 f6 df ff ff ff ff ff]
15:24:12.980 INFO RX ID=0x3AD Type=CAN-FD DLC=08 Data=[01 01 01 01 01 01 ff 01]
15:24:12.980 INFO RX ID=0x3AC Type=CAN-FD DLC=08 Data=[00 01 03 07 77 07 05 01]
15:24:12.980 INFO RX ID=0x3AE Type=CAN-FD DLC=08 Data=[05 01 05 01 05 01 01 07]
15:24:12.980 INFO RX ID=0x0BB Type=CAN-FD DLC=08 Data=[c4 f7 df ff ff ff ff ff]
15:24:12.989 INFO RX ID=0x2E1 Type=CAN-FD DLC=11 Data=[00 00 00 00 00 00 00 00 00 00 00 00 00 00 00 00 00 00 00 00]
15:24:12.989 INFO RX ID=0x220 Type=CAN-FD DLC=08 Data=[cf f4 01 07 07 ad 11 81]
15:24:12.989 INFO RX ID=0x3A8 Type=CAN-FD DLC=08 Data=[ff ff 9f ff ff 00 ff ff]
15:24:12.990 INFO RX ID=0x5B9 Type=CAN-FD DLC=10 Data=[00 0d 62 f1 94 52 48 41 36 32 30 00 00 00 00 aa]
15:24:12.990 INFO RX ID=0x355 Type=CAN-FD DLC=08 Data=[ff ef ff ff fc 7f 1c ff]
15:24:12.990 INFO RX ID=0x0BB Type=CAN-FD DLC=08 Data=[98 f8 df ff ff ff ff ff]
15:24:12.990 INFO worker request: 22 f1 94
15:24:12.990 INFO worker response: 62 f1 94 52 48 41 36 32 30 00 00 00 00
15:24:12.993 INFO TX ID=0x5B1 Type=CAN-FD DLC=08 Data=[03 22 c0 40 00 00 00 00]
15:24:12.999 INFO RX ID=0x202 Type=CAN-FD DLC=08 Data=[ff ff ff f3 3f ff ff ff]
15:24:12.999 INFO RX ID=0x3A9 Type=CAN-FD DLC=15 Data=[06 00 f0 00 00 00 00 76 ff e0 00 00 00 00 00 00 00 00 00 00 00 00 02 00 ff fe 00 00 00 00 1e 00 00 7e 00 00 00 00 00 0e 00 ff ff ff ff ff ff ff ff ff ff ff ff ff ff ff ff ff ff ff ff ff ff ff]
15:24:12.999 INFO RX ID=0x3AA Type=CAN-FD DLC=08 Data=[ff ff f0 c3 81 ff 00 00]
15:24:13.000 INFO RX ID=0x3F3 Type=CAN-FD DLC=08 Data=[ff 0f ff ff ff ff ff 01]
15:24:13.000 INFO RX ID=0x4B5 Type=CAN-FD DLC=08 Data=[b5 00 81 ff 04 00 00 03]
15:24:13.000 INFO RX ID=0x0BB Type=CAN-FD DLC=08 Data=[c5 f9 df ff ff ff ff ff]
15:24:13.000 INFO RX ID=0x5B9 Type=CAN-FD DLC=11 Data=[00 0f 62 c0 40 40 1e 04 1e 04 1e 1e 04 1e 00 00 00 aa aa aa]
