15:23:36.769 INFO log initialized: 2026_04_07\tp_engine_20260407_1523.log
15:23:39.860 INFO  TX ID=0x482 Type=CAN-FD DLC=08 Data=[00 00 00 00 00 00 00 00]
15:23:39.863 INFO  TX ID=0x482 Type=CAN-FD DLC=08 Data=[00 00 00 00 00 00 00 00]
15:23:39.866 INFO  TX ID=0x482 Type=CAN-FD DLC=08 Data=[00 00 00 00 00 00 00 00]
15:23:39.869 INFO  TX ID=0x482 Type=CAN-FD DLC=08 Data=[00 00 00 00 00 00 00 00]
15:23:39.872 INFO  TX ID=0x482 Type=CAN-FD DLC=08 Data=[00 00 00 00 00 00 00 00]
15:23:39.876 INFO  TX ID=0x482 Type=CAN-FD DLC=08 Data=[00 00 00 00 00 00 00 00]
15:23:39.879 INFO  TX ID=0x482 Type=CAN-FD DLC=08 Data=[00 00 00 00 00 00 00 00]
15:23:39.882 INFO  TX ID=0x482 Type=CAN-FD DLC=08 Data=[00 00 00 00 00 00 00 00]
15:23:39.885 INFO  TX ID=0x482 Type=CAN-FD DLC=08 Data=[00 00 00 00 00 00 00 00]
15:23:39.889 INFO  TX ID=0x482 Type=CAN-FD DLC=08 Data=[00 00 00 00 00 00 00 00]
15:23:39.892 INFO  TX ID=0x482 Type=CAN-FD DLC=08 Data=[00 00 00 00 00 00 00 00]
15:23:39.895 INFO  TX ID=0x482 Type=CAN-FD DLC=08 Data=[00 00 00 00 00 00 00 00]
15:23:39.898 INFO  TX ID=0x482 Type=CAN-FD DLC=08 Data=[00 00 00 00 00 00 00 00]
15:23:39.902 INFO  TX ID=0x482 Type=CAN-FD DLC=08 Data=[00 00 00 00 00 00 00 00]
15:23:39.905 INFO  TX ID=0x482 Type=CAN-FD DLC=08 Data=[00 00 00 00 00 00 00 00]
15:23:39.908 INFO  TX ID=0x482 Type=CAN-FD DLC=08 Data=[00 00 00 00 00 00 00 00]
15:23:39.911 INFO  TX ID=0x482 Type=CAN-FD DLC=08 Data=[00 00 00 00 00 00 00 00]
15:23:39.915 INFO  TX ID=0x482 Type=CAN-FD DLC=08 Data=[00 00 00 00 00 00 00 00]
15:23:39.918 INFO  TX ID=0x482 Type=CAN-FD DLC=08 Data=[00 00 00 00 00 00 00 00]
15:23:39.921 INFO  TX ID=0x482 Type=CAN-FD DLC=08 Data=[00 00 00 00 00 00 00 00]
15:23:39.924 INFO  TX ID=0x482 Type=CAN-FD DLC=08 Data=[00 00 00 00 00 00 00 00]
15:23:39.928 INFO  TX ID=0x482 Type=CAN-FD DLC=08 Data=[00 00 00 00 00 00 00 00]
15:23:39.931 INFO  TX ID=0x482 Type=CAN-FD DLC=08 Data=[00 00 00 00 00 00 00 00]
15:23:39.934 INFO  TX ID=0x482 Type=CAN-FD DLC=08 Data=[00 00 00 00 00 00 00 00]
15:23:39.937 INFO  TX ID=0x482 Type=CAN-FD DLC=08 Data=[00 00 00 00 00 00 00 00]
15:23:39.941 INFO  TX ID=0x482 Type=CAN-FD DLC=08 Data=[00 00 00 00 00 00 00 00]
15:23:39.944 INFO  TX ID=0x482 Type=CAN-FD DLC=08 Data=[00 00 00 00 00 00 00 00]
15:23:39.947 INFO  TX ID=0x482 Type=CAN-FD DLC=08 Data=[00 00 00 00 00 00 00 00]
15:23:39.950 INFO  TX ID=0x482 Type=CAN-FD DLC=08 Data=[00 00 00 00 00 00 00 00]
15:23:39.954 INFO  TX ID=0x482 Type=CAN-FD DLC=08 Data=[00 00 00 00 00 00 00 00]
15:23:39.958 INFO  RX ID=0x4B5 Type=CAN-FD DLC=08 Data=[b5 00 81 ff 00 00 00 01]
15:23:39.958 INFO  RX ID=0x0BB Type=CAN-FD DLC=08 Data=[f0 f2 df ff ff ff ff ff]
15:23:39.958 INFO  RX ID=0x2E1 Type=CAN-FD DLC=11 Data=[00 00 00 00 00 00 00 00 00 00 00 00 00 00 00 00 00 00 00 00]
15:23:39.958 INFO  RX ID=0x3A8 Type=CAN-FD DLC=08 Data=[ff ff 9f ff ff 00 ff ff]
15:23:39.958 INFO  RX ID=0x355 Type=CAN-FD DLC=08 Data=[ff ef ff ff fc 7f 1c ff]
15:23:39.958 INFO  RX ID=0x202 Type=CAN-FD DLC=08 Data=[ff ff ff f3 3f ff ff ff]
15:23:39.958 INFO  RX ID=0x0BB Type=CAN-FD DLC=08 Data=[ad f3 df ff ff ff ff ff]
15:23:39.958 INFO  RX ID=0x3F3 Type=CAN-FD DLC=08 Data=[ff 0f ff ff ff ff ff 01]
15:23:39.959 INFO  RX ID=0x3A9 Type=CAN-FD DLC=15 Data=[06 00 f0 00 00 00 00 76 ff e0 00 00 00 00 00 00 00 00 00 00 00 00 02 00 ff fe 00 00 00 00 1e 00 00 7e 00 00 00 00 00 0e 00 ff ff ff ff ff ff ff ff ff ff ff ff ff ff ff ff ff ff ff ff ff ff ff]
15:23:39.959 INFO  RX ID=0x3AA Type=CAN-FD DLC=08 Data=[ff ff f0 c3 81 ff 00 00]
15:23:39.959 INFO  RX ID=0x0BB Type=CAN-FD DLC=08 Data=[23 f4 df ff ff ff ff ff]
15:23:39.959 INFO  RX ID=0x3AF Type=CAN-FD DLC=08 Data=[ff 57 70 0f cf 17 00 00]
15:23:39.959 INFO  RX ID=0x3AB Type=CAN-FD DLC=08 Data=[ff ff ff ff 00 ff ff ff]
15:23:39.959 INFO  RX ID=0x363 Type=CAN-FD DLC=15 Data=[ff ff ff ff ff ff ff ff ff ff ff ff ff ff ff ff ff ff ff ff ff ff ff ff ff ff ff ff ff ff ff ff ff ff ff ff ff ff ff ff ff ff ff ff ff ff ff 1f ff ff ff ff ff ff ff ff ff ff ff ff ff ff ff ff]
15:23:39.959 INFO  RX ID=0x0BB Type=CAN-FD DLC=08 Data=[7e f5 df ff ff ff ff ff]
15:23:39.959 INFO  RX ID=0x351 Type=CAN-FD DLC=08 Data=[68 a1 ff 05 ff ff ff ff]
15:23:39.959 INFO  RX ID=0x51B Type=CAN-FD DLC=08 Data=[00 00 00 00 00 00 00 00]
15:23:39.959 INFO  RX ID=0x289 Type=CAN-FD DLC=08 Data=[e0 a1 f0 1f ff ff ff ff]
15:23:39.959 INFO  RX ID=0x3AC Type=CAN-FD DLC=08 Data=[00 01 03 07 77 07 05 01]
15:23:39.959 INFO  RX ID=0x0BB Type=CAN-FD DLC=08 Data=[99 f6 df ff ff ff ff ff]
15:23:39.959 INFO  RX ID=0x3AD Type=CAN-FD DLC=08 Data=[01 01 01 01 01 01 ff 01]
15:23:39.959 INFO  RX ID=0x3AE Type=CAN-FD DLC=08 Data=[05 01 05 01 05 01 01 07]
15:23:39.959 INFO  RX ID=0x220 Type=CAN-FD DLC=08 Data=[fb f1 01 07 07 ad 11 81]
15:23:39.959 INFO  RX ID=0x0BB Type=CAN-FD DLC=08 Data=[c4 f7 df ff ff ff ff ff]
15:23:39.959 INFO  RX ID=0x2E1 Type=CAN-FD DLC=11 Data=[00 00 00 00 00 00 00 00 00 00 00 00 00 00 00 00 00 00 00 00]
15:23:39.959 INFO  RX ID=0x202 Type=CAN-FD DLC=08 Data=[ff ff ff f3 3f ff ff ff]
15:23:39.959 INFO  RX ID=0x0BB Type=CAN-FD DLC=08 Data=[98 f8 df ff ff ff ff ff]
15:23:39.960 INFO  RX ID=0x0BB Type=CAN-FD DLC=08 Data=[c5 f9 df ff ff ff ff ff]
15:23:39.961 INFO  TX ID=0x7DF Type=CAN-FD DLC=08 Data=[02 3e 80 00 00 00 00 00]
15:23:39.964 INFO  TX ID=0x5B1 Type=CAN-FD DLC=08 Data=[03 22 f1 94 00 00 00 00]
15:23:39.968 INFO  RX ID=0x0BB Type=CAN-FD DLC=08 Data=[22 fa df ff ff ff ff ff]
15:23:39.968 INFO  RX ID=0x351 Type=CAN-FD DLC=08 Data=[8f a2 ff 05 ff ff ff ff]
15:23:39.968 INFO  RX ID=0x289 Type=CAN-FD DLC=08 Data=[07 a2 f0 1f ff ff ff ff]
15:23:39.968 INFO  RX ID=0x3AC Type=CAN-FD DLC=08 Data=[00 01 03 07 77 07 05 01]
15:23:39.977 INFO  RX ID=0x0BB Type=CAN-FD DLC=08 Data=[7f fb df ff ff ff ff ff]
15:23:39.977 INFO  RX ID=0x3AD Type=CAN-FD DLC=08 Data=[01 01 01 01 01 01 ff 01]
15:23:39.977 INFO  RX ID=0x3AE Type=CAN-FD DLC=08 Data=[05 01 05 01 05 01 01 07]
15:23:39.977 INFO  RX ID=0x5B9 Type=CAN-FD DLC=10 Data=[00 0d 62 f1 94 52 48 41 36 32 30 00 00 00 00 aa]
15:23:39.977 INFO  RX ID=0x220 Type=CAN-FD DLC=08 Data=[1c f2 01 07 07 ad 11 81]
15:23:39.978 INFO worker request: 22 f1 94
15:23:39.978 INFO worker response: 62 f1 94 52 48 41 36 32 30 00 00 00 00
15:23:39.980 INFO  TX ID=0x5B1 Type=CAN-FD DLC=08 Data=[03 22 c0 40 00 00 00 00]
15:23:39.987 INFO  RX ID=0x4B5 Type=CAN-FD DLC=08 Data=[b5 00 81 ff 04 00 00 03]
15:23:39.987 INFO  RX ID=0x0BB Type=CAN-FD DLC=08 Data=[f1 fc df ff ff ff ff ff]
15:23:39.987 INFO  RX ID=0x2E1 Type=CAN-FD DLC=11 Data=[00 00 00 00 00 00 00 00 00 00 00 00 00 00 00 00 00 00 00 00]
15:23:39.987 INFO  RX ID=0x3A8 Type=CAN-FD DLC=08 Data=[ff ff 9f ff ff 00 ff ff]
15:23:39.987 INFO  RX ID=0x355 Type=CAN-FD DLC=08 Data=[ff ef ff ff fc 7f 1c ff]
15:23:39.987 INFO  RX ID=0x202 Type=CAN-FD DLC=08 Data=[ff ff ff f3 3f ff ff ff]
15:23:39.998 INFO  RX ID=0x0BB Type=CAN-FD DLC=08 Data=[ac fd df ff ff ff ff ff]
15:23:39.998 INFO  RX ID=0x5B9 Type=CAN-FD DLC=11 Data=[00 0f 62 c0 40 40 1e 04 1e 04 1e 1e 04 1e 00 00 00 aa aa aa]
15:23:39.998 INFO  RX ID=0x3F3 Type=CAN-FD DLC=08 Data=[ff 0f ff ff ff ff ff 01]
15:23:39.998 INFO  RX ID=0x3A9 Type=CAN-FD DLC=15 Data=[06 00 f0 00 00 00 00 76 ff e0 00 00 00 00 00 00 00 00 00 00 00 00 02 00 ff fe 00 00 00 00 1e 00 00 7e 00 00 00 00 00 0e 00 ff ff ff ff ff ff ff ff ff ff ff ff ff ff ff ff ff ff ff ff ff ff ff]
15:23:39.998 INFO  RX ID=0x3AA Type=CAN-FD DLC=08 Data=[ff ff f0 c3 81 ff 00 00]
15:23:39.998 INFO  RX ID=0x0BB Type=CAN-FD DLC=08 Data=[4b fe df ff ff ff ff ff]
